<?xml version="1.0" encoding="UTF-8"?>
<testsuite xmlns:xsi="http://www.w3.org/2001/XMLSchema-instance" xsi:noNamespaceSchemaLocation="https://maven.apache.org/surefire/maven-surefire-plugin/xsd/surefire-test-report.xsd" name="pizza.HomeControllerTest" time="4.838" tests="1" errors="0" skipped="0" failures="1">
  <properties>
    <property name="sun.desktop" value="windows"/>
    <property name="awt.toolkit" value="sun.awt.windows.WToolkit"/>
    <property name="file.encoding.pkg" value="sun.io"/>
    <property name="java.specification.version" value="1.8"/>
    <property name="sun.cpu.isalist" value="amd64"/>
    <property name="sun.jnu.encoding" value="Cp1250"/>
    <property name="java.class.path" value="D:\Programowanie\NetBeans\Spring\pizza-cloud\target\test-classes;D:\Programowanie\NetBeans\Spring\pizza-cloud\target\classes;C:\Users\Admin\.m2\repository\org\springframework\boot\spring-boot-starter-thymeleaf\2.0.4.RELEASE\spring-boot-starter-thymeleaf-2.0.4.RELEASE.jar;C:\Users\Admin\.m2\repository\org\thymeleaf\thymeleaf-spring5\3.0.9.RELEASE\thymeleaf-spring5-3.0.9.RELEASE.jar;C:\Users\Admin\.m2\repository\org\thymeleaf\thymeleaf\3.0.9.RELEASE\thymeleaf-3.0.9.RELEASE.jar;C:\Users\Admin\.m2\repository\org\attoparser\attoparser\2.0.4.RELEASE\attoparser-2.0.4.RELEASE.jar;C:\Users\Admin\.m2\repository\org\unbescape\unbescape\1.1.5.RELEASE\unbescape-1.1.5.RELEASE.jar;C:\Users\Admin\.m2\repository\org\slf4j\slf4j-api\1.7.25\slf4j-api-1.7.25.jar;C:\Users\Admin\.m2\repository\org\thymeleaf\extras\thymeleaf-extras-java8time\3.0.1.RELEASE\thymeleaf-extras-java8time-3.0.1.RELEASE.jar;C:\Users\Admin\.m2\repository\org\springframework\boot\spring-boot-starter-web\2.0.4.RELEASE\spring-boot-starter-web-2.0.4.RELEASE.jar;C:\Users\Admin\.m2\repository\org\springframework\boot\spring-boot-starter-json\2.0.4.RELEASE\spring-boot-starter-json-2.0.4.RELEASE.jar;C:\Users\Admin\.m2\repository\com\fasterxml\jackson\core\jackson-databind\2.9.6\jackson-databind-2.9.6.jar;C:\Users\Admin\.m2\repository\com\fasterxml\jackson\core\jackson-annotations\2.9.0\jackson-annotations-2.9.0.jar;C:\Users\Admin\.m2\repository\com\fasterxml\jackson\core\jackson-core\2.9.6\jackson-core-2.9.6.jar;C:\Users\Admin\.m2\repository\com\fasterxml\jackson\datatype\jackson-datatype-jdk8\2.9.6\jackson-datatype-jdk8-2.9.6.jar;C:\Users\Admin\.m2\repository\com\fasterxml\jackson\datatype\jackson-datatype-jsr310\2.9.6\jackson-datatype-jsr310-2.9.6.jar;C:\Users\Admin\.m2\repository\com\fasterxml\jackson\module\jackson-module-parameter-names\2.9.6\jackson-module-parameter-names-2.9.6.jar;C:\Users\Admin\.m2\repository\org\springframework\boot\spring-boot-starter-tomcat\2.0.4.RELEASE\spring-boot-starter-tomcat-2.0.4.RELEASE.jar;C:\Users\Admin\.m2\repository\org\apache\tomcat\embed\tomcat-embed-core\8.5.32\tomcat-embed-core-8.5.32.jar;C:\Users\Admin\.m2\repository\org\apache\tomcat\embed\tomcat-embed-el\8.5.32\tomcat-embed-el-8.5.32.jar;C:\Users\Admin\.m2\repository\org\apache\tomcat\embed\tomcat-embed-websocket\8.5.32\tomcat-embed-websocket-8.5.32.jar;C:\Users\Admin\.m2\repository\org\hibernate\validator\hibernate-validator\6.0.11.Final\hibernate-validator-6.0.11.Final.jar;C:\Users\Admin\.m2\repository\javax\validation\validation-api\2.0.1.Final\validation-api-2.0.1.Final.jar;C:\Users\Admin\.m2\repository\org\jboss\logging\jboss-logging\3.3.2.Final\jboss-logging-3.3.2.Final.jar;C:\Users\Admin\.m2\repository\com\fasterxml\classmate\1.3.4\classmate-1.3.4.jar;C:\Users\Admin\.m2\repository\org\springframework\spring-web\5.0.8.RELEASE\spring-web-5.0.8.RELEASE.jar;C:\Users\Admin\.m2\repository\org\springframework\spring-beans\5.0.8.RELEASE\spring-beans-5.0.8.RELEASE.jar;C:\Users\Admin\.m2\repository\org\springframework\spring-webmvc\5.0.8.RELEASE\spring-webmvc-5.0.8.RELEASE.jar;C:\Users\Admin\.m2\repository\org\springframework\spring-context\5.0.8.RELEASE\spring-context-5.0.8.RELEASE.jar;C:\Users\Admin\.m2\repository\org\springframework\spring-expression\5.0.8.RELEASE\spring-expression-5.0.8.RELEASE.jar;C:\Users\Admin\.m2\repository\org\springframework\boot\spring-boot-starter-test\2.0.4.RELEASE\spring-boot-starter-test-2.0.4.RELEASE.jar;C:\Users\Admin\.m2\repository\org\springframework\boot\spring-boot-test\2.0.4.RELEASE\spring-boot-test-2.0.4.RELEASE.jar;C:\Users\Admin\.m2\repository\org\springframework\boot\spring-boot-test-autoconfigure\2.0.4.RELEASE\spring-boot-test-autoconfigure-2.0.4.RELEASE.jar;C:\Users\Admin\.m2\repository\com\jayway\jsonpath\json-path\2.4.0\json-path-2.4.0.jar;C:\Users\Admin\.m2\repository\net\minidev\json-smart\2.3\json-smart-2.3.jar;C:\Users\Admin\.m2\repository\net\minidev\accessors-smart\1.2\accessors-smart-1.2.jar;C:\Users\Admin\.m2\repository\org\ow2\asm\asm\5.0.4\asm-5.0.4.jar;C:\Users\Admin\.m2\repository\junit\junit\4.12\junit-4.12.jar;C:\Users\Admin\.m2\repository\org\assertj\assertj-core\3.9.1\assertj-core-3.9.1.jar;C:\Users\Admin\.m2\repository\org\mockito\mockito-core\2.15.0\mockito-core-2.15.0.jar;C:\Users\Admin\.m2\repository\net\bytebuddy\byte-buddy-agent\1.7.11\byte-buddy-agent-1.7.11.jar;C:\Users\Admin\.m2\repository\org\objenesis\objenesis\2.6\objenesis-2.6.jar;C:\Users\Admin\.m2\repository\org\hamcrest\hamcrest-core\1.3\hamcrest-core-1.3.jar;C:\Users\Admin\.m2\repository\org\hamcrest\hamcrest-library\1.3\hamcrest-library-1.3.jar;C:\Users\Admin\.m2\repository\org\skyscreamer\jsonassert\1.5.0\jsonassert-1.5.0.jar;C:\Users\Admin\.m2\repository\com\vaadin\external\google\android-json\0.0.20131108.vaadin1\android-json-0.0.20131108.vaadin1.jar;C:\Users\Admin\.m2\repository\org\springframework\spring-core\5.0.8.RELEASE\spring-core-5.0.8.RELEASE.jar;C:\Users\Admin\.m2\repository\org\springframework\spring-jcl\5.0.8.RELEASE\spring-jcl-5.0.8.RELEASE.jar;C:\Users\Admin\.m2\repository\org\springframework\spring-test\5.0.8.RELEASE\spring-test-5.0.8.RELEASE.jar;C:\Users\Admin\.m2\repository\org\xmlunit\xmlunit-core\2.5.1\xmlunit-core-2.5.1.jar;C:\Users\Admin\.m2\repository\org\springframework\boot\spring-boot-devtools\2.0.4.RELEASE\spring-boot-devtools-2.0.4.RELEASE.jar;C:\Users\Admin\.m2\repository\org\springframework\boot\spring-boot\2.0.4.RELEASE\spring-boot-2.0.4.RELEASE.jar;C:\Users\Admin\.m2\repository\org\springframework\boot\spring-boot-autoconfigure\2.0.4.RELEASE\spring-boot-autoconfigure-2.0.4.RELEASE.jar;C:\Users\Admin\.m2\repository\org\seleniumhq\selenium\selenium-java\3.9.1\selenium-java-3.9.1.jar;C:\Users\Admin\.m2\repository\org\seleniumhq\selenium\selenium-api\3.9.1\selenium-api-3.9.1.jar;C:\Users\Admin\.m2\repository\org\seleniumhq\selenium\selenium-chrome-driver\3.9.1\selenium-chrome-driver-3.9.1.jar;C:\Users\Admin\.m2\repository\org\seleniumhq\selenium\selenium-edge-driver\3.9.1\selenium-edge-driver-3.9.1.jar;C:\Users\Admin\.m2\repository\org\seleniumhq\selenium\selenium-firefox-driver\3.9.1\selenium-firefox-driver-3.9.1.jar;C:\Users\Admin\.m2\repository\org\seleniumhq\selenium\selenium-ie-driver\3.9.1\selenium-ie-driver-3.9.1.jar;C:\Users\Admin\.m2\repository\org\seleniumhq\selenium\selenium-opera-driver\3.9.1\selenium-opera-driver-3.9.1.jar;C:\Users\Admin\.m2\repository\org\seleniumhq\selenium\selenium-remote-driver\3.9.1\selenium-remote-driver-3.9.1.jar;C:\Users\Admin\.m2\repository\org\seleniumhq\selenium\selenium-safari-driver\3.9.1\selenium-safari-driver-3.9.1.jar;C:\Users\Admin\.m2\repository\org\seleniumhq\selenium\selenium-support\3.9.1\selenium-support-3.9.1.jar;C:\Users\Admin\.m2\repository\net\bytebuddy\byte-buddy\1.7.11\byte-buddy-1.7.11.jar;C:\Users\Admin\.m2\repository\org\apache\commons\commons-exec\1.3\commons-exec-1.3.jar;C:\Users\Admin\.m2\repository\commons-codec\commons-codec\1.11\commons-codec-1.11.jar;C:\Users\Admin\.m2\repository\commons-logging\commons-logging\1.2\commons-logging-1.2.jar;C:\Users\Admin\.m2\repository\com\google\code\gson\gson\2.8.5\gson-2.8.5.jar;C:\Users\Admin\.m2\repository\com\google\guava\guava\23.6-jre\guava-23.6-jre.jar;C:\Users\Admin\.m2\repository\com\google\code\findbugs\jsr305\1.3.9\jsr305-1.3.9.jar;C:\Users\Admin\.m2\repository\org\checkerframework\checker-compat-qual\2.0.0\checker-compat-qual-2.0.0.jar;C:\Users\Admin\.m2\repository\com\google\errorprone\error_prone_annotations\2.1.3\error_prone_annotations-2.1.3.jar;C:\Users\Admin\.m2\repository\com\google\j2objc\j2objc-annotations\1.1\j2objc-annotations-1.1.jar;C:\Users\Admin\.m2\repository\org\codehaus\mojo\animal-sniffer-annotations\1.14\animal-sniffer-annotations-1.14.jar;C:\Users\Admin\.m2\repository\org\apache\httpcomponents\httpclient\4.5.6\httpclient-4.5.6.jar;C:\Users\Admin\.m2\repository\org\apache\httpcomponents\httpcore\4.4.10\httpcore-4.4.10.jar;C:\Users\Admin\.m2\repository\com\squareup\okhttp3\okhttp\3.9.1\okhttp-3.9.1.jar;C:\Users\Admin\.m2\repository\com\squareup\okio\okio\1.13.0\okio-1.13.0.jar;C:\Users\Admin\.m2\repository\org\seleniumhq\selenium\htmlunit-driver\2.29.3\htmlunit-driver-2.29.3.jar;C:\Users\Admin\.m2\repository\net\sourceforge\htmlunit\htmlunit\2.29\htmlunit-2.29.jar;C:\Users\Admin\.m2\repository\xalan\xalan\2.7.2\xalan-2.7.2.jar;C:\Users\Admin\.m2\repository\xalan\serializer\2.7.2\serializer-2.7.2.jar;C:\Users\Admin\.m2\repository\org\apache\commons\commons-lang3\3.7\commons-lang3-3.7.jar;C:\Users\Admin\.m2\repository\org\apache\commons\commons-text\1.2\commons-text-1.2.jar;C:\Users\Admin\.m2\repository\org\apache\httpcomponents\httpmime\4.5.6\httpmime-4.5.6.jar;C:\Users\Admin\.m2\repository\net\sourceforge\htmlunit\htmlunit-core-js\2.28\htmlunit-core-js-2.28.jar;C:\Users\Admin\.m2\repository\net\sourceforge\htmlunit\neko-htmlunit\2.28\neko-htmlunit-2.28.jar;C:\Users\Admin\.m2\repository\xerces\xercesImpl\2.11.0\xercesImpl-2.11.0.jar;C:\Users\Admin\.m2\repository\xml-apis\xml-apis\1.4.01\xml-apis-1.4.01.jar;C:\Users\Admin\.m2\repository\net\sourceforge\cssparser\cssparser\0.9.24\cssparser-0.9.24.jar;C:\Users\Admin\.m2\repository\org\w3c\css\sac\1.3\sac-1.3.jar;C:\Users\Admin\.m2\repository\commons-io\commons-io\2.6\commons-io-2.6.jar;C:\Users\Admin\.m2\repository\commons-net\commons-net\3.6\commons-net-3.6.jar;C:\Users\Admin\.m2\repository\org\eclipse\jetty\websocket\websocket-client\9.4.11.v20180605\websocket-client-9.4.11.v20180605.jar;C:\Users\Admin\.m2\repository\org\eclipse\jetty\jetty-client\9.4.11.v20180605\jetty-client-9.4.11.v20180605.jar;C:\Users\Admin\.m2\repository\org\eclipse\jetty\jetty-http\9.4.11.v20180605\jetty-http-9.4.11.v20180605.jar;C:\Users\Admin\.m2\repository\org\eclipse\jetty\jetty-xml\9.4.11.v20180605\jetty-xml-9.4.11.v20180605.jar;C:\Users\Admin\.m2\repository\org\eclipse\jetty\jetty-util\9.4.11.v20180605\jetty-util-9.4.11.v20180605.jar;C:\Users\Admin\.m2\repository\org\eclipse\jetty\jetty-io\9.4.11.v20180605\jetty-io-9.4.11.v20180605.jar;C:\Users\Admin\.m2\repository\org\eclipse\jetty\websocket\websocket-common\9.4.11.v20180605\websocket-common-9.4.11.v20180605.jar;C:\Users\Admin\.m2\repository\org\eclipse\jetty\websocket\websocket-api\9.4.11.v20180605\websocket-api-9.4.11.v20180605.jar;C:\Users\Admin\.m2\repository\org\springframework\boot\spring-boot-starter-actuator\2.0.4.RELEASE\spring-boot-starter-actuator-2.0.4.RELEASE.jar;C:\Users\Admin\.m2\repository\org\springframework\boot\spring-boot-actuator-autoconfigure\2.0.4.RELEASE\spring-boot-actuator-autoconfigure-2.0.4.RELEASE.jar;C:\Users\Admin\.m2\repository\org\springframework\boot\spring-boot-actuator\2.0.4.RELEASE\spring-boot-actuator-2.0.4.RELEASE.jar;C:\Users\Admin\.m2\repository\io\micrometer\micrometer-core\1.0.6\micrometer-core-1.0.6.jar;C:\Users\Admin\.m2\repository\org\hdrhistogram\HdrHistogram\2.1.10\HdrHistogram-2.1.10.jar;C:\Users\Admin\.m2\repository\org\latencyutils\LatencyUtils\2.0.3\LatencyUtils-2.0.3.jar;C:\Users\Admin\.m2\repository\org\projectlombok\lombok\1.16.22\lombok-1.16.22.jar;C:\Users\Admin\.m2\repository\org\springframework\boot\spring-boot-starter-data-jpa\2.0.4.RELEASE\spring-boot-starter-data-jpa-2.0.4.RELEASE.jar;C:\Users\Admin\.m2\repository\org\springframework\boot\spring-boot-starter-aop\2.0.4.RELEASE\spring-boot-starter-aop-2.0.4.RELEASE.jar;C:\Users\Admin\.m2\repository\org\aspectj\aspectjweaver\1.8.13\aspectjweaver-1.8.13.jar;C:\Users\Admin\.m2\repository\org\springframework\boot\spring-boot-starter-jdbc\2.0.4.RELEASE\spring-boot-starter-jdbc-2.0.4.RELEASE.jar;C:\Users\Admin\.m2\repository\com\zaxxer\HikariCP\2.7.9\HikariCP-2.7.9.jar;C:\Users\Admin\.m2\repository\org\springframework\spring-jdbc\5.0.8.RELEASE\spring-jdbc-5.0.8.RELEASE.jar;C:\Users\Admin\.m2\repository\org\hibernate\hibernate-core\5.2.17.Final\hibernate-core-5.2.17.Final.jar;C:\Users\Admin\.m2\repository\org\hibernate\javax\persistence\hibernate-jpa-2.1-api\1.0.2.Final\hibernate-jpa-2.1-api-1.0.2.Final.jar;C:\Users\Admin\.m2\repository\org\javassist\javassist\3.22.0-GA\javassist-3.22.0-GA.jar;C:\Users\Admin\.m2\repository\antlr\antlr\2.7.7\antlr-2.7.7.jar;C:\Users\Admin\.m2\repository\org\jboss\jandex\2.0.3.Final\jandex-2.0.3.Final.jar;C:\Users\Admin\.m2\repository\dom4j\dom4j\1.6.1\dom4j-1.6.1.jar;C:\Users\Admin\.m2\repository\org\hibernate\common\hibernate-commons-annotations\5.0.1.Final\hibernate-commons-annotations-5.0.1.Final.jar;C:\Users\Admin\.m2\repository\javax\transaction\javax.transaction-api\1.2\javax.transaction-api-1.2.jar;C:\Users\Admin\.m2\repository\org\springframework\data\spring-data-jpa\2.0.9.RELEASE\spring-data-jpa-2.0.9.RELEASE.jar;C:\Users\Admin\.m2\repository\org\springframework\data\spring-data-commons\2.0.9.RELEASE\spring-data-commons-2.0.9.RELEASE.jar;C:\Users\Admin\.m2\repository\org\springframework\spring-orm\5.0.8.RELEASE\spring-orm-5.0.8.RELEASE.jar;C:\Users\Admin\.m2\repository\org\springframework\spring-tx\5.0.8.RELEASE\spring-tx-5.0.8.RELEASE.jar;C:\Users\Admin\.m2\repository\org\springframework\spring-aspects\5.0.8.RELEASE\spring-aspects-5.0.8.RELEASE.jar;C:\Users\Admin\.m2\repository\com\h2database\h2\1.4.197\h2-1.4.197.jar;C:\Users\Admin\.m2\repository\org\springframework\boot\spring-boot-starter\2.0.4.RELEASE\spring-boot-starter-2.0.4.RELEASE.jar;C:\Users\Admin\.m2\repository\org\springframework\boot\spring-boot-starter-logging\2.0.4.RELEASE\spring-boot-starter-logging-2.0.4.RELEASE.jar;C:\Users\Admin\.m2\repository\ch\qos\logback\logback-classic\1.2.3\logback-classic-1.2.3.jar;C:\Users\Admin\.m2\repository\ch\qos\logback\logback-core\1.2.3\logback-core-1.2.3.jar;C:\Users\Admin\.m2\repository\org\apache\logging\log4j\log4j-to-slf4j\2.10.0\log4j-to-slf4j-2.10.0.jar;C:\Users\Admin\.m2\repository\org\apache\logging\log4j\log4j-api\2.10.0\log4j-api-2.10.0.jar;C:\Users\Admin\.m2\repository\org\slf4j\jul-to-slf4j\1.7.25\jul-to-slf4j-1.7.25.jar;C:\Users\Admin\.m2\repository\javax\annotation\javax.annotation-api\1.3.2\javax.annotation-api-1.3.2.jar;C:\Users\Admin\.m2\repository\org\yaml\snakeyaml\1.19\snakeyaml-1.19.jar;C:\Users\Admin\.m2\repository\org\springframework\boot\spring-boot-starter-security\2.0.4.RELEASE\spring-boot-starter-security-2.0.4.RELEASE.jar;C:\Users\Admin\.m2\repository\org\springframework\spring-aop\5.0.8.RELEASE\spring-aop-5.0.8.RELEASE.jar;C:\Users\Admin\.m2\repository\org\springframework\security\spring-security-config\5.0.7.RELEASE\spring-security-config-5.0.7.RELEASE.jar;C:\Users\Admin\.m2\repository\org\springframework\security\spring-security-web\5.0.7.RELEASE\spring-security-web-5.0.7.RELEASE.jar;C:\Users\Admin\.m2\repository\org\springframework\security\spring-security-test\5.0.7.RELEASE\spring-security-test-5.0.7.RELEASE.jar;C:\Users\Admin\.m2\repository\org\springframework\security\spring-security-core\5.0.7.RELEASE\spring-security-core-5.0.7.RELEASE.jar;"/>
    <property name="java.vm.vendor" value="BellSoft"/>
    <property name="sun.arch.data.model" value="64"/>
    <property name="user.variant" value=""/>
    <property name="java.vendor.url" value="https://bell-sw.com/"/>
    <property name="user.timezone" value=""/>
    <property name="java.vm.specification.version" value="1.8"/>
    <property name="os.name" value="Windows 10"/>
    <property name="user.country" value="PL"/>
    <property name="sun.java.launcher" value="SUN_STANDARD"/>
    <property name="sun.boot.library.path" value="C:\Users\Admin\.jdks\liberica-1.8.0_345\jre\bin"/>
    <property name="sun.java.command" value="C:\Users\Admin\AppData\Local\Temp\surefire7900179915825293115\surefirebooter6051315251642844795.jar C:\Users\Admin\AppData\Local\Temp\surefire7900179915825293115 2024-04-02T23-40-07_547-jvmRun1 surefire4477797507266283245tmp surefire_02240485446127351380tmp"/>
    <property name="surefire.test.class.path" value="D:\Programowanie\NetBeans\Spring\pizza-cloud\target\test-classes;D:\Programowanie\NetBeans\Spring\pizza-cloud\target\classes;C:\Users\Admin\.m2\repository\org\springframework\boot\spring-boot-starter-thymeleaf\2.0.4.RELEASE\spring-boot-starter-thymeleaf-2.0.4.RELEASE.jar;C:\Users\Admin\.m2\repository\org\thymeleaf\thymeleaf-spring5\3.0.9.RELEASE\thymeleaf-spring5-3.0.9.RELEASE.jar;C:\Users\Admin\.m2\repository\org\thymeleaf\thymeleaf\3.0.9.RELEASE\thymeleaf-3.0.9.RELEASE.jar;C:\Users\Admin\.m2\repository\org\attoparser\attoparser\2.0.4.RELEASE\attoparser-2.0.4.RELEASE.jar;C:\Users\Admin\.m2\repository\org\unbescape\unbescape\1.1.5.RELEASE\unbescape-1.1.5.RELEASE.jar;C:\Users\Admin\.m2\repository\org\slf4j\slf4j-api\1.7.25\slf4j-api-1.7.25.jar;C:\Users\Admin\.m2\repository\org\thymeleaf\extras\thymeleaf-extras-java8time\3.0.1.RELEASE\thymeleaf-extras-java8time-3.0.1.RELEASE.jar;C:\Users\Admin\.m2\repository\org\springframework\boot\spring-boot-starter-web\2.0.4.RELEASE\spring-boot-starter-web-2.0.4.RELEASE.jar;C:\Users\Admin\.m2\repository\org\springframework\boot\spring-boot-starter-json\2.0.4.RELEASE\spring-boot-starter-json-2.0.4.RELEASE.jar;C:\Users\Admin\.m2\repository\com\fasterxml\jackson\core\jackson-databind\2.9.6\jackson-databind-2.9.6.jar;C:\Users\Admin\.m2\repository\com\fasterxml\jackson\core\jackson-annotations\2.9.0\jackson-annotations-2.9.0.jar;C:\Users\Admin\.m2\repository\com\fasterxml\jackson\core\jackson-core\2.9.6\jackson-core-2.9.6.jar;C:\Users\Admin\.m2\repository\com\fasterxml\jackson\datatype\jackson-datatype-jdk8\2.9.6\jackson-datatype-jdk8-2.9.6.jar;C:\Users\Admin\.m2\repository\com\fasterxml\jackson\datatype\jackson-datatype-jsr310\2.9.6\jackson-datatype-jsr310-2.9.6.jar;C:\Users\Admin\.m2\repository\com\fasterxml\jackson\module\jackson-module-parameter-names\2.9.6\jackson-module-parameter-names-2.9.6.jar;C:\Users\Admin\.m2\repository\org\springframework\boot\spring-boot-starter-tomcat\2.0.4.RELEASE\spring-boot-starter-tomcat-2.0.4.RELEASE.jar;C:\Users\Admin\.m2\repository\org\apache\tomcat\embed\tomcat-embed-core\8.5.32\tomcat-embed-core-8.5.32.jar;C:\Users\Admin\.m2\repository\org\apache\tomcat\embed\tomcat-embed-el\8.5.32\tomcat-embed-el-8.5.32.jar;C:\Users\Admin\.m2\repository\org\apache\tomcat\embed\tomcat-embed-websocket\8.5.32\tomcat-embed-websocket-8.5.32.jar;C:\Users\Admin\.m2\repository\org\hibernate\validator\hibernate-validator\6.0.11.Final\hibernate-validator-6.0.11.Final.jar;C:\Users\Admin\.m2\repository\javax\validation\validation-api\2.0.1.Final\validation-api-2.0.1.Final.jar;C:\Users\Admin\.m2\repository\org\jboss\logging\jboss-logging\3.3.2.Final\jboss-logging-3.3.2.Final.jar;C:\Users\Admin\.m2\repository\com\fasterxml\classmate\1.3.4\classmate-1.3.4.jar;C:\Users\Admin\.m2\repository\org\springframework\spring-web\5.0.8.RELEASE\spring-web-5.0.8.RELEASE.jar;C:\Users\Admin\.m2\repository\org\springframework\spring-beans\5.0.8.RELEASE\spring-beans-5.0.8.RELEASE.jar;C:\Users\Admin\.m2\repository\org\springframework\spring-webmvc\5.0.8.RELEASE\spring-webmvc-5.0.8.RELEASE.jar;C:\Users\Admin\.m2\repository\org\springframework\spring-context\5.0.8.RELEASE\spring-context-5.0.8.RELEASE.jar;C:\Users\Admin\.m2\repository\org\springframework\spring-expression\5.0.8.RELEASE\spring-expression-5.0.8.RELEASE.jar;C:\Users\Admin\.m2\repository\org\springframework\boot\spring-boot-starter-test\2.0.4.RELEASE\spring-boot-starter-test-2.0.4.RELEASE.jar;C:\Users\Admin\.m2\repository\org\springframework\boot\spring-boot-test\2.0.4.RELEASE\spring-boot-test-2.0.4.RELEASE.jar;C:\Users\Admin\.m2\repository\org\springframework\boot\spring-boot-test-autoconfigure\2.0.4.RELEASE\spring-boot-test-autoconfigure-2.0.4.RELEASE.jar;C:\Users\Admin\.m2\repository\com\jayway\jsonpath\json-path\2.4.0\json-path-2.4.0.jar;C:\Users\Admin\.m2\repository\net\minidev\json-smart\2.3\json-smart-2.3.jar;C:\Users\Admin\.m2\repository\net\minidev\accessors-smart\1.2\accessors-smart-1.2.jar;C:\Users\Admin\.m2\repository\org\ow2\asm\asm\5.0.4\asm-5.0.4.jar;C:\Users\Admin\.m2\repository\junit\junit\4.12\junit-4.12.jar;C:\Users\Admin\.m2\repository\org\assertj\assertj-core\3.9.1\assertj-core-3.9.1.jar;C:\Users\Admin\.m2\repository\org\mockito\mockito-core\2.15.0\mockito-core-2.15.0.jar;C:\Users\Admin\.m2\repository\net\bytebuddy\byte-buddy-agent\1.7.11\byte-buddy-agent-1.7.11.jar;C:\Users\Admin\.m2\repository\org\objenesis\objenesis\2.6\objenesis-2.6.jar;C:\Users\Admin\.m2\repository\org\hamcrest\hamcrest-core\1.3\hamcrest-core-1.3.jar;C:\Users\Admin\.m2\repository\org\hamcrest\hamcrest-library\1.3\hamcrest-library-1.3.jar;C:\Users\Admin\.m2\repository\org\skyscreamer\jsonassert\1.5.0\jsonassert-1.5.0.jar;C:\Users\Admin\.m2\repository\com\vaadin\external\google\android-json\0.0.20131108.vaadin1\android-json-0.0.20131108.vaadin1.jar;C:\Users\Admin\.m2\repository\org\springframework\spring-core\5.0.8.RELEASE\spring-core-5.0.8.RELEASE.jar;C:\Users\Admin\.m2\repository\org\springframework\spring-jcl\5.0.8.RELEASE\spring-jcl-5.0.8.RELEASE.jar;C:\Users\Admin\.m2\repository\org\springframework\spring-test\5.0.8.RELEASE\spring-test-5.0.8.RELEASE.jar;C:\Users\Admin\.m2\repository\org\xmlunit\xmlunit-core\2.5.1\xmlunit-core-2.5.1.jar;C:\Users\Admin\.m2\repository\org\springframework\boot\spring-boot-devtools\2.0.4.RELEASE\spring-boot-devtools-2.0.4.RELEASE.jar;C:\Users\Admin\.m2\repository\org\springframework\boot\spring-boot\2.0.4.RELEASE\spring-boot-2.0.4.RELEASE.jar;C:\Users\Admin\.m2\repository\org\springframework\boot\spring-boot-autoconfigure\2.0.4.RELEASE\spring-boot-autoconfigure-2.0.4.RELEASE.jar;C:\Users\Admin\.m2\repository\org\seleniumhq\selenium\selenium-java\3.9.1\selenium-java-3.9.1.jar;C:\Users\Admin\.m2\repository\org\seleniumhq\selenium\selenium-api\3.9.1\selenium-api-3.9.1.jar;C:\Users\Admin\.m2\repository\org\seleniumhq\selenium\selenium-chrome-driver\3.9.1\selenium-chrome-driver-3.9.1.jar;C:\Users\Admin\.m2\repository\org\seleniumhq\selenium\selenium-edge-driver\3.9.1\selenium-edge-driver-3.9.1.jar;C:\Users\Admin\.m2\repository\org\seleniumhq\selenium\selenium-firefox-driver\3.9.1\selenium-firefox-driver-3.9.1.jar;C:\Users\Admin\.m2\repository\org\seleniumhq\selenium\selenium-ie-driver\3.9.1\selenium-ie-driver-3.9.1.jar;C:\Users\Admin\.m2\repository\org\seleniumhq\selenium\selenium-opera-driver\3.9.1\selenium-opera-driver-3.9.1.jar;C:\Users\Admin\.m2\repository\org\seleniumhq\selenium\selenium-remote-driver\3.9.1\selenium-remote-driver-3.9.1.jar;C:\Users\Admin\.m2\repository\org\seleniumhq\selenium\selenium-safari-driver\3.9.1\selenium-safari-driver-3.9.1.jar;C:\Users\Admin\.m2\repository\org\seleniumhq\selenium\selenium-support\3.9.1\selenium-support-3.9.1.jar;C:\Users\Admin\.m2\repository\net\bytebuddy\byte-buddy\1.7.11\byte-buddy-1.7.11.jar;C:\Users\Admin\.m2\repository\org\apache\commons\commons-exec\1.3\commons-exec-1.3.jar;C:\Users\Admin\.m2\repository\commons-codec\commons-codec\1.11\commons-codec-1.11.jar;C:\Users\Admin\.m2\repository\commons-logging\commons-logging\1.2\commons-logging-1.2.jar;C:\Users\Admin\.m2\repository\com\google\code\gson\gson\2.8.5\gson-2.8.5.jar;C:\Users\Admin\.m2\repository\com\google\guava\guava\23.6-jre\guava-23.6-jre.jar;C:\Users\Admin\.m2\repository\com\google\code\findbugs\jsr305\1.3.9\jsr305-1.3.9.jar;C:\Users\Admin\.m2\repository\org\checkerframework\checker-compat-qual\2.0.0\checker-compat-qual-2.0.0.jar;C:\Users\Admin\.m2\repository\com\google\errorprone\error_prone_annotations\2.1.3\error_prone_annotations-2.1.3.jar;C:\Users\Admin\.m2\repository\com\google\j2objc\j2objc-annotations\1.1\j2objc-annotations-1.1.jar;C:\Users\Admin\.m2\repository\org\codehaus\mojo\animal-sniffer-annotations\1.14\animal-sniffer-annotations-1.14.jar;C:\Users\Admin\.m2\repository\org\apache\httpcomponents\httpclient\4.5.6\httpclient-4.5.6.jar;C:\Users\Admin\.m2\repository\org\apache\httpcomponents\httpcore\4.4.10\httpcore-4.4.10.jar;C:\Users\Admin\.m2\repository\com\squareup\okhttp3\okhttp\3.9.1\okhttp-3.9.1.jar;C:\Users\Admin\.m2\repository\com\squareup\okio\okio\1.13.0\okio-1.13.0.jar;C:\Users\Admin\.m2\repository\org\seleniumhq\selenium\htmlunit-driver\2.29.3\htmlunit-driver-2.29.3.jar;C:\Users\Admin\.m2\repository\net\sourceforge\htmlunit\htmlunit\2.29\htmlunit-2.29.jar;C:\Users\Admin\.m2\repository\xalan\xalan\2.7.2\xalan-2.7.2.jar;C:\Users\Admin\.m2\repository\xalan\serializer\2.7.2\serializer-2.7.2.jar;C:\Users\Admin\.m2\repository\org\apache\commons\commons-lang3\3.7\commons-lang3-3.7.jar;C:\Users\Admin\.m2\repository\org\apache\commons\commons-text\1.2\commons-text-1.2.jar;C:\Users\Admin\.m2\repository\org\apache\httpcomponents\httpmime\4.5.6\httpmime-4.5.6.jar;C:\Users\Admin\.m2\repository\net\sourceforge\htmlunit\htmlunit-core-js\2.28\htmlunit-core-js-2.28.jar;C:\Users\Admin\.m2\repository\net\sourceforge\htmlunit\neko-htmlunit\2.28\neko-htmlunit-2.28.jar;C:\Users\Admin\.m2\repository\xerces\xercesImpl\2.11.0\xercesImpl-2.11.0.jar;C:\Users\Admin\.m2\repository\xml-apis\xml-apis\1.4.01\xml-apis-1.4.01.jar;C:\Users\Admin\.m2\repository\net\sourceforge\cssparser\cssparser\0.9.24\cssparser-0.9.24.jar;C:\Users\Admin\.m2\repository\org\w3c\css\sac\1.3\sac-1.3.jar;C:\Users\Admin\.m2\repository\commons-io\commons-io\2.6\commons-io-2.6.jar;C:\Users\Admin\.m2\repository\commons-net\commons-net\3.6\commons-net-3.6.jar;C:\Users\Admin\.m2\repository\org\eclipse\jetty\websocket\websocket-client\9.4.11.v20180605\websocket-client-9.4.11.v20180605.jar;C:\Users\Admin\.m2\repository\org\eclipse\jetty\jetty-client\9.4.11.v20180605\jetty-client-9.4.11.v20180605.jar;C:\Users\Admin\.m2\repository\org\eclipse\jetty\jetty-http\9.4.11.v20180605\jetty-http-9.4.11.v20180605.jar;C:\Users\Admin\.m2\repository\org\eclipse\jetty\jetty-xml\9.4.11.v20180605\jetty-xml-9.4.11.v20180605.jar;C:\Users\Admin\.m2\repository\org\eclipse\jetty\jetty-util\9.4.11.v20180605\jetty-util-9.4.11.v20180605.jar;C:\Users\Admin\.m2\repository\org\eclipse\jetty\jetty-io\9.4.11.v20180605\jetty-io-9.4.11.v20180605.jar;C:\Users\Admin\.m2\repository\org\eclipse\jetty\websocket\websocket-common\9.4.11.v20180605\websocket-common-9.4.11.v20180605.jar;C:\Users\Admin\.m2\repository\org\eclipse\jetty\websocket\websocket-api\9.4.11.v20180605\websocket-api-9.4.11.v20180605.jar;C:\Users\Admin\.m2\repository\org\springframework\boot\spring-boot-starter-actuator\2.0.4.RELEASE\spring-boot-starter-actuator-2.0.4.RELEASE.jar;C:\Users\Admin\.m2\repository\org\springframework\boot\spring-boot-actuator-autoconfigure\2.0.4.RELEASE\spring-boot-actuator-autoconfigure-2.0.4.RELEASE.jar;C:\Users\Admin\.m2\repository\org\springframework\boot\spring-boot-actuator\2.0.4.RELEASE\spring-boot-actuator-2.0.4.RELEASE.jar;C:\Users\Admin\.m2\repository\io\micrometer\micrometer-core\1.0.6\micrometer-core-1.0.6.jar;C:\Users\Admin\.m2\repository\org\hdrhistogram\HdrHistogram\2.1.10\HdrHistogram-2.1.10.jar;C:\Users\Admin\.m2\repository\org\latencyutils\LatencyUtils\2.0.3\LatencyUtils-2.0.3.jar;C:\Users\Admin\.m2\repository\org\projectlombok\lombok\1.16.22\lombok-1.16.22.jar;C:\Users\Admin\.m2\repository\org\springframework\boot\spring-boot-starter-data-jpa\2.0.4.RELEASE\spring-boot-starter-data-jpa-2.0.4.RELEASE.jar;C:\Users\Admin\.m2\repository\org\springframework\boot\spring-boot-starter-aop\2.0.4.RELEASE\spring-boot-starter-aop-2.0.4.RELEASE.jar;C:\Users\Admin\.m2\repository\org\aspectj\aspectjweaver\1.8.13\aspectjweaver-1.8.13.jar;C:\Users\Admin\.m2\repository\org\springframework\boot\spring-boot-starter-jdbc\2.0.4.RELEASE\spring-boot-starter-jdbc-2.0.4.RELEASE.jar;C:\Users\Admin\.m2\repository\com\zaxxer\HikariCP\2.7.9\HikariCP-2.7.9.jar;C:\Users\Admin\.m2\repository\org\springframework\spring-jdbc\5.0.8.RELEASE\spring-jdbc-5.0.8.RELEASE.jar;C:\Users\Admin\.m2\repository\org\hibernate\hibernate-core\5.2.17.Final\hibernate-core-5.2.17.Final.jar;C:\Users\Admin\.m2\repository\org\hibernate\javax\persistence\hibernate-jpa-2.1-api\1.0.2.Final\hibernate-jpa-2.1-api-1.0.2.Final.jar;C:\Users\Admin\.m2\repository\org\javassist\javassist\3.22.0-GA\javassist-3.22.0-GA.jar;C:\Users\Admin\.m2\repository\antlr\antlr\2.7.7\antlr-2.7.7.jar;C:\Users\Admin\.m2\repository\org\jboss\jandex\2.0.3.Final\jandex-2.0.3.Final.jar;C:\Users\Admin\.m2\repository\dom4j\dom4j\1.6.1\dom4j-1.6.1.jar;C:\Users\Admin\.m2\repository\org\hibernate\common\hibernate-commons-annotations\5.0.1.Final\hibernate-commons-annotations-5.0.1.Final.jar;C:\Users\Admin\.m2\repository\javax\transaction\javax.transaction-api\1.2\javax.transaction-api-1.2.jar;C:\Users\Admin\.m2\repository\org\springframework\data\spring-data-jpa\2.0.9.RELEASE\spring-data-jpa-2.0.9.RELEASE.jar;C:\Users\Admin\.m2\repository\org\springframework\data\spring-data-commons\2.0.9.RELEASE\spring-data-commons-2.0.9.RELEASE.jar;C:\Users\Admin\.m2\repository\org\springframework\spring-orm\5.0.8.RELEASE\spring-orm-5.0.8.RELEASE.jar;C:\Users\Admin\.m2\repository\org\springframework\spring-tx\5.0.8.RELEASE\spring-tx-5.0.8.RELEASE.jar;C:\Users\Admin\.m2\repository\org\springframework\spring-aspects\5.0.8.RELEASE\spring-aspects-5.0.8.RELEASE.jar;C:\Users\Admin\.m2\repository\com\h2database\h2\1.4.197\h2-1.4.197.jar;C:\Users\Admin\.m2\repository\org\springframework\boot\spring-boot-starter\2.0.4.RELEASE\spring-boot-starter-2.0.4.RELEASE.jar;C:\Users\Admin\.m2\repository\org\springframework\boot\spring-boot-starter-logging\2.0.4.RELEASE\spring-boot-starter-logging-2.0.4.RELEASE.jar;C:\Users\Admin\.m2\repository\ch\qos\logback\logback-classic\1.2.3\logback-classic-1.2.3.jar;C:\Users\Admin\.m2\repository\ch\qos\logback\logback-core\1.2.3\logback-core-1.2.3.jar;C:\Users\Admin\.m2\repository\org\apache\logging\log4j\log4j-to-slf4j\2.10.0\log4j-to-slf4j-2.10.0.jar;C:\Users\Admin\.m2\repository\org\apache\logging\log4j\log4j-api\2.10.0\log4j-api-2.10.0.jar;C:\Users\Admin\.m2\repository\org\slf4j\jul-to-slf4j\1.7.25\jul-to-slf4j-1.7.25.jar;C:\Users\Admin\.m2\repository\javax\annotation\javax.annotation-api\1.3.2\javax.annotation-api-1.3.2.jar;C:\Users\Admin\.m2\repository\org\yaml\snakeyaml\1.19\snakeyaml-1.19.jar;C:\Users\Admin\.m2\repository\org\springframework\boot\spring-boot-starter-security\2.0.4.RELEASE\spring-boot-starter-security-2.0.4.RELEASE.jar;C:\Users\Admin\.m2\repository\org\springframework\spring-aop\5.0.8.RELEASE\spring-aop-5.0.8.RELEASE.jar;C:\Users\Admin\.m2\repository\org\springframework\security\spring-security-config\5.0.7.RELEASE\spring-security-config-5.0.7.RELEASE.jar;C:\Users\Admin\.m2\repository\org\springframework\security\spring-security-web\5.0.7.RELEASE\spring-security-web-5.0.7.RELEASE.jar;C:\Users\Admin\.m2\repository\org\springframework\security\spring-security-test\5.0.7.RELEASE\spring-security-test-5.0.7.RELEASE.jar;C:\Users\Admin\.m2\repository\org\springframework\security\spring-security-core\5.0.7.RELEASE\spring-security-core-5.0.7.RELEASE.jar;"/>
    <property name="sun.cpu.endian" value="little"/>
    <property name="user.home" value="C:\Users\Admin"/>
    <property name="user.language" value="pl"/>
    <property name="java.specification.vendor" value="Oracle Corporation"/>
    <property name="java.home" value="C:\Users\Admin\.jdks\liberica-1.8.0_345\jre"/>
    <property name="basedir" value="D:\Programowanie\NetBeans\Spring\pizza-cloud"/>
    <property name="file.separator" value="\"/>
    <property name="line.separator" value="&#10;"/>
    <property name="java.vm.specification.vendor" value="Oracle Corporation"/>
    <property name="java.specification.name" value="Java Platform API Specification"/>
    <property name="java.awt.graphicsenv" value="sun.awt.Win32GraphicsEnvironment"/>
    <property name="surefire.real.class.path" value="C:\Users\Admin\AppData\Local\Temp\surefire7900179915825293115\surefirebooter6051315251642844795.jar"/>
    <property name="sun.boot.class.path" value="C:\Users\Admin\.jdks\liberica-1.8.0_345\jre\lib\resources.jar;C:\Users\Admin\.jdks\liberica-1.8.0_345\jre\lib\rt.jar;C:\Users\Admin\.jdks\liberica-1.8.0_345\jre\lib\sunrsasign.jar;C:\Users\Admin\.jdks\liberica-1.8.0_345\jre\lib\jsse.jar;C:\Users\Admin\.jdks\liberica-1.8.0_345\jre\lib\jce.jar;C:\Users\Admin\.jdks\liberica-1.8.0_345\jre\lib\charsets.jar;C:\Users\Admin\.jdks\liberica-1.8.0_345\jre\lib\jfr.jar;C:\Users\Admin\.jdks\liberica-1.8.0_345\jre\classes"/>
    <property name="user.script" value=""/>
    <property name="sun.management.compiler" value="HotSpot 64-Bit Tiered Compilers"/>
    <property name="java.runtime.version" value="1.8.0_345-b01"/>
    <property name="user.name" value="Admin"/>
    <property name="path.separator" value=";"/>
    <property name="os.version" value="10.0"/>
    <property name="java.endorsed.dirs" value="C:\Users\Admin\.jdks\liberica-1.8.0_345\jre\lib\endorsed"/>
    <property name="java.runtime.name" value="OpenJDK Runtime Environment"/>
    <property name="file.encoding" value="Cp1250"/>
    <property name="java.vm.name" value="OpenJDK 64-Bit Server VM"/>
    <property name="localRepository" value="C:\Users\Admin\.m2\repository"/>
    <property name="java.vendor.url.bug" value="https://bell-sw.com/support"/>
    <property name="java.io.tmpdir" value="C:\Users\Admin\AppData\Local\Temp\"/>
    <property name="idea.version" value="2021.3.3"/>
    <property name="java.version" value="1.8.0_345"/>
    <property name="user.dir" value="D:\Programowanie\NetBeans\Spring\pizza-cloud"/>
    <property name="os.arch" value="amd64"/>
    <property name="java.vm.specification.name" value="Java Virtual Machine Specification"/>
    <property name="java.awt.printerjob" value="sun.awt.windows.WPrinterJob"/>
    <property name="sun.os.patch.level" value=""/>
    <property name="java.library.path" value="C:\Users\Admin\.jdks\liberica-1.8.0_345\jre\bin;C:\WINDOWS\Sun\Java\bin;C:\WINDOWS\system32;C:\WINDOWS;C:\Python311\Scripts\;C:\Python311\;C:\Program Files\Common Files\Oracle\Java\javapath;C:\Program Files (x86)\NVIDIA Corporation\PhysX\Common;C:\Program Files (x86)\Intel\iCLS Client\;C:\Program Files\Intel\iCLS Client\;C:\WINDOWS\system32;C:\WINDOWS;C:\WINDOWS\System32\Wbem;C:\WINDOWS\System32\WindowsPowerShell\v1.0\;C:\Program Files\Intel\Intel(R) Management Engine Components\DAL;C:\Program Files\Intel\Intel(R) Management Engine Components\IPT;C:\Program Files (x86)\Intel\Intel(R) Management Engine Components\DAL;C:\Program Files (x86)\Intel\Intel(R) Management Engine Components\IPT;C:\Program Files (x86)\Intel\OpenCL SDK\2.0\bin\x86;C:\Program Files (x86)\Intel\OpenCL SDK\2.0\bin\x64;C:\Program Files\Lenovo\Bluetooth Software\;C:\Program Files\Lenovo\Bluetooth Software\syswow64;C:\WINDOWS\System32\OpenSSH\;D:\Programowanie\Maven\apache-maven-3.8.2\bin;C:\cygwin;C:\gradle-4.10-bin\gradle-4.10\bin;C:\Program Files\nodejs\;C:\ProgramData\chocolatey\bin;C:\Program Files\Git\cmd;C:\Program Files\Git\mingw64\bin;C:\Program Files\Git\usr\bin;C:\Program Files\Docker\Docker\resources\bin;C:\Program Files\MySQL\MySQL Shell 8.0\bin\;C:\Users\Admin\AppData\Local\Microsoft\WindowsApps;C:\Program Files\Java\jdk-17.0.5\bin;C:\Users\Admin\AppData\Local\GitHubDesktop\bin;C:\Users\Admin\AppData\Roaming\npm;C:\Program Files\heroku\bin;."/>
    <property name="java.vm.info" value="mixed mode"/>
    <property name="java.vendor" value="BellSoft"/>
    <property name="java.vm.version" value="25.345-b01"/>
    <property name="java.ext.dirs" value="C:\Users\Admin\.jdks\liberica-1.8.0_345\jre\lib\ext;C:\WINDOWS\Sun\Java\lib\ext"/>
    <property name="sun.io.unicode.encoding" value="UnicodeLittle"/>
    <property name="java.class.version" value="52.0"/>
  </properties>
  <testcase name="testHomePage" classname="pizza.HomeControllerTest" time="0.109">
    <failure message="Response content&#10;Expected: a string containing &quot;Witaj w...&quot;&#10;     but: was &quot;&lt;!DOCTYPE html&gt;&#10;&lt;html xmlns=&quot;http://www.w3.org/1999/xhtml&quot;&gt;&#10;  &lt;head&gt;&#10;    &lt;title&gt;Aplikacja Pizza Cloud&lt;/title&gt;&#10;  &lt;/head&gt;&#10;  &#10;  &lt;body&gt;&#10;    &lt;h1&gt;Witaj w naszej pizzerii!&lt;/h1&gt;&#10;    &lt;img src=&quot;/images/TacoCloud.png&quot;/&gt;&#10;    &lt;form method=&quot;POST&quot; action=&quot;/logout&quot; id=&quot;logoutForm&quot;&gt;&#10;      &lt;input type=&quot;submit&quot; value=&quot;Wyloguj się&quot;/&gt;&#10;    &lt;/form&gt;&#10;    &#10;    &lt;a href=&quot;/design&quot; id=&quot;design&quot;&gt;Przygotuj pizzę&lt;/a&gt;&#10;  &lt;/body&gt;&#10;&lt;/html&gt;&quot;" type="java.lang.AssertionError"><![CDATA[java.lang.AssertionError: 
Response content
Expected: a string containing "Witaj w..."
     but: was "<!DOCTYPE html>
<html xmlns="http://www.w3.org/1999/xhtml">
  <head>
    <title>Aplikacja Pizza Cloud</title>
  </head>
  
  <body>
    <h1>Witaj w naszej pizzerii!</h1>
    <img src="/images/TacoCloud.png"/>
    <form method="POST" action="/logout" id="logoutForm">
      <input type="submit" value="Wyloguj się"/>
    </form>
    
    <a href="/design" id="design">Przygotuj pizzę</a>
  </body>
</html>"
	at pizza.HomeControllerTest.testHomePage(HomeControllerTest.java:59)
]]></failure>
    <system-out><![CDATA[2024-04-02 23:42:09.668  INFO 16724 --- [           main] .b.t.a.w.s.WebMvcTestContextBootstrapper : Neither @ContextConfiguration nor @ContextHierarchy found for test class [pizza.HomeControllerTest], using SpringBootContextLoader
2024-04-02 23:42:09.668  INFO 16724 --- [           main] o.s.t.c.support.AbstractContextLoader    : Could not detect default resource locations for test class [pizza.HomeControllerTest]: no resource found for suffixes {-context.xml, Context.groovy}.
2024-04-02 23:42:09.668  INFO 16724 --- [           main] t.c.s.AnnotationConfigContextLoaderUtils : Could not detect default configuration classes for test class [pizza.HomeControllerTest]: HomeControllerTest does not declare any static, non-private, non-final, nested classes annotated with @Configuration.
2024-04-02 23:42:09.746  INFO 16724 --- [           main] .b.t.c.SpringBootTestContextBootstrapper : Found @SpringBootConfiguration pizza.PizzaCloudApplication for test class pizza.HomeControllerTest
2024-04-02 23:42:09.762  INFO 16724 --- [           main] .b.t.a.w.s.WebMvcTestContextBootstrapper : Loaded default TestExecutionListener class names from location [META-INF/spring.factories]: [org.springframework.boot.test.mock.mockito.MockitoTestExecutionListener, org.springframework.boot.test.mock.mockito.ResetMocksTestExecutionListener, org.springframework.boot.test.autoconfigure.restdocs.RestDocsTestExecutionListener, org.springframework.boot.test.autoconfigure.web.client.MockRestServiceServerResetTestExecutionListener, org.springframework.boot.test.autoconfigure.web.servlet.MockMvcPrintOnlyOnFailureTestExecutionListener, org.springframework.boot.test.autoconfigure.web.servlet.WebDriverTestExecutionListener, org.springframework.test.context.web.ServletTestExecutionListener, org.springframework.test.context.support.DirtiesContextBeforeModesTestExecutionListener, org.springframework.test.context.support.DependencyInjectionTestExecutionListener, org.springframework.test.context.support.DirtiesContextTestExecutionListener, org.springframework.test.context.transaction.TransactionalTestExecutionListener, org.springframework.test.context.jdbc.SqlScriptsTestExecutionListener, org.springframework.security.test.context.support.WithSecurityContextTestExecutionListener, org.springframework.security.test.context.support.ReactorContextTestExecutionListener]
2024-04-02 23:42:09.762  INFO 16724 --- [           main] .b.t.a.w.s.WebMvcTestContextBootstrapper : Using TestExecutionListeners: [org.springframework.test.context.web.ServletTestExecutionListener@63e81ac6, org.springframework.test.context.support.DirtiesContextBeforeModesTestExecutionListener@45775a15, org.springframework.boot.test.mock.mockito.MockitoTestExecutionListener@2396dc4e, org.springframework.boot.test.autoconfigure.SpringBootDependencyInjectionTestExecutionListener@7bb888b7, org.springframework.test.context.support.DirtiesContextTestExecutionListener@5825932c, org.springframework.test.context.transaction.TransactionalTestExecutionListener@277dddcf, org.springframework.test.context.jdbc.SqlScriptsTestExecutionListener@321c01c2, org.springframework.security.test.context.support.WithSecurityContextTestExecutionListener@d5eca06, org.springframework.security.test.context.support.ReactorContextTestExecutionListener@79169472, org.springframework.boot.test.mock.mockito.ResetMocksTestExecutionListener@304cad3a, org.springframework.boot.test.autoconfigure.restdocs.RestDocsTestExecutionListener@628cb8e0, org.springframework.boot.test.autoconfigure.web.client.MockRestServiceServerResetTestExecutionListener@19f9404d, org.springframework.boot.test.autoconfigure.web.servlet.MockMvcPrintOnlyOnFailureTestExecutionListener@5481f204, org.springframework.boot.test.autoconfigure.web.servlet.WebDriverTestExecutionListener@171b0d3]

  .   ____          _            __ _ _
 /\\ / ___'_ __ _ _(_)_ __  __ _ \ \ \ \
( ( )\___ | '_ | '_| | '_ \/ _` | \ \ \ \
 \\/  ___)| |_)| | | | | || (_| |  ) ) ) )
  '  |____| .__|_| |_|_| |_\__, | / / / /
 =========|_|==============|___/=/_/_/_/
 :: Spring Boot ::        (v2.0.4.RELEASE)

2024-04-02 23:42:10.152  INFO 16724 --- [           main] pizza.HomeControllerTest                 : Starting HomeControllerTest on idea-PC with PID 16724 (started by Admin in D:\Programowanie\NetBeans\Spring\pizza-cloud)
2024-04-02 23:42:10.168  INFO 16724 --- [           main] pizza.HomeControllerTest                 : No active profile set, falling back to default profiles: default
2024-04-02 23:42:10.184  INFO 16724 --- [           main] o.s.w.c.s.GenericWebApplicationContext   : Refreshing org.springframework.web.context.support.GenericWebApplicationContext@2279e7c7: startup date [Tue Apr 02 23:42:10 CEST 2024]; root of context hierarchy
2024-04-02 23:42:12.996  INFO 16724 --- [           main] o.s.w.s.handler.SimpleUrlHandlerMapping  : Mapped URL path [/**/favicon.ico] onto handler of type [class org.springframework.web.servlet.resource.ResourceHttpRequestHandler]
2024-04-02 23:42:13.520  INFO 16724 --- [           main] s.w.s.m.m.a.RequestMappingHandlerAdapter : Looking for @ControllerAdvice: org.springframework.web.context.support.GenericWebApplicationContext@2279e7c7: startup date [Tue Apr 02 23:42:10 CEST 2024]; root of context hierarchy
2024-04-02 23:42:13.567  INFO 16724 --- [           main] s.w.s.m.m.a.RequestMappingHandlerMapping : Mapped "{[/register],methods=[GET]}" onto public java.lang.String pizza.security.RegistrationController.registerForm()
2024-04-02 23:42:13.567  INFO 16724 --- [           main] s.w.s.m.m.a.RequestMappingHandlerMapping : Mapped "{[/register],methods=[POST]}" onto public java.lang.String pizza.security.RegistrationController.processRegistration(pizza.security.RegistrationForm)
2024-04-02 23:42:13.582  INFO 16724 --- [           main] s.w.s.m.m.a.RequestMappingHandlerMapping : Mapped "{[/design],methods=[POST]}" onto public java.lang.String pizza.web.DesignPizzaController.processDesign(pizza.Pizza,org.springframework.validation.Errors,pizza.Order)
2024-04-02 23:42:13.582  INFO 16724 --- [           main] s.w.s.m.m.a.RequestMappingHandlerMapping : Mapped "{[/design],methods=[GET]}" onto public java.lang.String pizza.web.DesignPizzaController.showDesignForm(org.springframework.ui.Model,java.security.Principal)
2024-04-02 23:42:13.590  INFO 16724 --- [           main] s.w.s.m.m.a.RequestMappingHandlerMapping : Mapped "{[/discounts],methods=[GET]}" onto public java.lang.String pizza.web.DiscountController.displayDiscountCodes(org.springframework.ui.Model)
2024-04-02 23:42:13.590  INFO 16724 --- [           main] s.w.s.m.m.a.RequestMappingHandlerMapping : Mapped "{[/orders/current],methods=[GET]}" onto public java.lang.String pizza.web.OrderController.orderForm(pizza.User,pizza.Order)
2024-04-02 23:42:13.590  INFO 16724 --- [           main] s.w.s.m.m.a.RequestMappingHandlerMapping : Mapped "{[/orders],methods=[GET]}" onto public java.lang.String pizza.web.OrderController.ordersForUser(pizza.User,org.springframework.ui.Model)
2024-04-02 23:42:13.606  INFO 16724 --- [           main] s.w.s.m.m.a.RequestMappingHandlerMapping : Mapped "{[/orders],methods=[POST]}" onto public java.lang.String pizza.web.OrderController.processOrder(pizza.Order,org.springframework.validation.Errors,org.springframework.web.bind.support.SessionStatus,pizza.User)
2024-04-02 23:42:13.606  INFO 16724 --- [           main] s.w.s.m.m.a.RequestMappingHandlerMapping : Mapped "{[/error]}" onto public org.springframework.http.ResponseEntity<java.util.Map<java.lang.String, java.lang.Object>> org.springframework.boot.autoconfigure.web.servlet.error.BasicErrorController.error(javax.servlet.http.HttpServletRequest)
2024-04-02 23:42:13.606  INFO 16724 --- [           main] s.w.s.m.m.a.RequestMappingHandlerMapping : Mapped "{[/error],produces=[text/html]}" onto public org.springframework.web.servlet.ModelAndView org.springframework.boot.autoconfigure.web.servlet.error.BasicErrorController.errorHtml(javax.servlet.http.HttpServletRequest,javax.servlet.http.HttpServletResponse)
2024-04-02 23:42:13.622  INFO 16724 --- [           main] o.s.w.s.handler.SimpleUrlHandlerMapping  : Root mapping to handler of type [class org.springframework.web.servlet.mvc.ParameterizableViewController]
2024-04-02 23:42:13.637  INFO 16724 --- [           main] o.s.w.s.handler.SimpleUrlHandlerMapping  : Mapped URL path [/login] onto handler of type [class org.springframework.web.servlet.mvc.ParameterizableViewController]
2024-04-02 23:42:13.653  INFO 16724 --- [           main] o.s.w.s.handler.SimpleUrlHandlerMapping  : Mapped URL path [/webjars/**] onto handler of type [class org.springframework.web.servlet.resource.ResourceHttpRequestHandler]
2024-04-02 23:42:13.653  INFO 16724 --- [           main] o.s.w.s.handler.SimpleUrlHandlerMapping  : Mapped URL path [/**] onto handler of type [class org.springframework.web.servlet.resource.ResourceHttpRequestHandler]
2024-04-02 23:42:14.459  INFO 16724 --- [           main] o.s.b.t.m.w.SpringBootMockServletContext : Initializing Spring FrameworkServlet ''
2024-04-02 23:42:14.459  INFO 16724 --- [           main] o.s.t.web.servlet.TestDispatcherServlet  : FrameworkServlet '': initialization started
2024-04-02 23:42:14.491  INFO 16724 --- [           main] o.s.t.web.servlet.TestDispatcherServlet  : FrameworkServlet '': initialization completed in 16 ms
2024-04-02 23:42:14.553  INFO 16724 --- [           main] pizza.HomeControllerTest                 : Started HomeControllerTest in 4.744 seconds (JVM running for 125.74)

MockHttpServletRequest:
      HTTP Method = GET
      Request URI = /
       Parameters = {}
          Headers = {}
             Body = <no character encoding set>
    Session Attrs = {}

Handler:
             Type = org.springframework.web.servlet.mvc.ParameterizableViewController

Async:
    Async started = false
     Async result = null

Resolved Exception:
             Type = null

ModelAndView:
        View name = home
             View = null
            Model = null

FlashMap:
       Attributes = null

MockHttpServletResponse:
           Status = 200
    Error message = null
          Headers = {Content-Language=[en], Content-Type=[text/html;charset=UTF-8]}
     Content type = text/html;charset=UTF-8
             Body = <!DOCTYPE html>
<html xmlns="http://www.w3.org/1999/xhtml">
  <head>
    <title>Aplikacja Pizza Cloud</title>
  </head>
  
  <body>
    <h1>Witaj w naszej pizzerii!</h1>
    <img src="/images/TacoCloud.png"/>
    <form method="POST" action="/logout" id="logoutForm">
      <input type="submit" value="Wyloguj się"/>
    </form>
    
    <a href="/design" id="design">Przygotuj pizzę</a>
  </body>
</html>
    Forwarded URL = null
   Redirected URL = null
          Cookies = []
]]></system-out>
  </testcase>
</testsuite>